<?xml version="1.0" encoding="UTF-8"?>
<!-- Generated by org.testng.reporters.JUnitXMLReporter -->
<testsuite hostname="Reactor" ignored="0" name="ui_testing" tests="4" failures="0" timestamp="22 июн 2017 17:31:21 GMT" time="40.207" errors="0">
  <testcase name="test4CreateABug" time="9.147" classname="com.example.tests.CreateABug"/>
  <testcase name="test2EmptyLogin" time="1.763" classname="com.example.tests.EmptyLogin"/>
  <testcase name="test1LoginSignOut" time="2.373" classname="com.example.tests.logsignout"/>
  <testcase name="test5UpdateABug" time="11.508" classname="com.example.tests.updateAbug"/>
</testsuite> <!-- ui_testing -->
