<?xml version="1.0" encoding="UTF-8"?>
<!-- Generated by org.testng.reporters.JUnitXMLReporter -->
<testsuite hostname="Reactor" ignored="0" name="ui_testing" tests="4" failures="0" timestamp="04 июл 2017 20:04:58 GMT" time="37.837" errors="0">
  <testcase name="test4CreateABug" time="7.633" classname="com.example.tests.CreateABug"/>
  <testcase name="test2EmptyLogin" time="1.752" classname="com.example.tests.EmptyLogin"/>
  <testcase name="test1LoginSignOut" time="2.108" classname="com.example.tests.logsignout"/>
  <testcase name="test5UpdateABug" time="11.527" classname="com.example.tests.updateAbug"/>
</testsuite> <!-- ui_testing -->
