<?xml version="1.0" encoding="UTF-8"?>
<testng-results skipped="0" failed="0" ignored="0" total="4" passed="4">
  <reporter-output>
  </reporter-output>
  <suite name="HW3" duration-ms="51042" started-at="2017-07-08T19:03:00Z" finished-at="2017-07-08T19:03:51Z">
    <groups>
    </groups>
    <test name="Redmine" duration-ms="51042" started-at="2017-07-08T19:03:00Z" finished-at="2017-07-08T19:03:51Z">
      <class name="com.example.tests.updateAbug">
        <test-method status="PASS" signature="setUp()[pri:0, instance:com.example.tests.updateAbug@17f6480]" name="setUp" is-config="true" duration-ms="2257" started-at="2017-07-09T01:03:33Z" finished-at="2017-07-09T01:03:36Z">
          <reporter-output>
          </reporter-output>
        </test-method> <!-- setUp -->
        <test-method status="PASS" signature="test5UpdateABug()[pri:0, instance:com.example.tests.updateAbug@17f6480]" name="test5UpdateABug" duration-ms="14175" started-at="2017-07-09T01:03:36Z" finished-at="2017-07-09T01:03:50Z">
          <reporter-output>
          </reporter-output>
        </test-method> <!-- test5UpdateABug -->
        <test-method status="PASS" signature="tearDown()[pri:0, instance:com.example.tests.updateAbug@17f6480]" name="tearDown" is-config="true" duration-ms="1070" started-at="2017-07-09T01:03:50Z" finished-at="2017-07-09T01:03:51Z">
          <reporter-output>
          </reporter-output>
        </test-method> <!-- tearDown -->
      </class> <!-- com.example.tests.updateAbug -->
      <class name="com.example.tests.EmptyLogin">
        <test-method status="PASS" signature="setUp()[pri:0, instance:com.example.tests.EmptyLogin@71be98f5]" name="setUp" is-config="true" duration-ms="2329" started-at="2017-07-09T01:03:22Z" finished-at="2017-07-09T01:03:25Z">
          <reporter-output>
          </reporter-output>
        </test-method> <!-- setUp -->
        <test-method status="PASS" signature="test2EmptyLogin()[pri:0, instance:com.example.tests.EmptyLogin@71be98f5]" name="test2EmptyLogin" duration-ms="1772" started-at="2017-07-09T01:03:25Z" finished-at="2017-07-09T01:03:26Z">
          <reporter-output>
          </reporter-output>
        </test-method> <!-- test2EmptyLogin -->
        <test-method status="PASS" signature="tearDown()[pri:0, instance:com.example.tests.EmptyLogin@71be98f5]" name="tearDown" is-config="true" duration-ms="1110" started-at="2017-07-09T01:03:26Z" finished-at="2017-07-09T01:03:28Z">
          <reporter-output>
          </reporter-output>
        </test-method> <!-- tearDown -->
      </class> <!-- com.example.tests.EmptyLogin -->
      <class name="com.example.tests.logsignout">
        <test-method status="PASS" signature="setUp()[pri:0, instance:com.example.tests.logsignout@6fadae5d]" name="setUp" is-config="true" duration-ms="2283" started-at="2017-07-09T01:03:28Z" finished-at="2017-07-09T01:03:30Z">
          <reporter-output>
          </reporter-output>
        </test-method> <!-- setUp -->
        <test-method status="PASS" signature="test1LoginSignOut()[pri:0, instance:com.example.tests.logsignout@6fadae5d]" name="test1LoginSignOut" duration-ms="2475" started-at="2017-07-09T01:03:30Z" finished-at="2017-07-09T01:03:32Z">
          <reporter-output>
          </reporter-output>
        </test-method> <!-- test1LoginSignOut -->
        <test-method status="PASS" signature="tearDown()[pri:0, instance:com.example.tests.logsignout@6fadae5d]" name="tearDown" is-config="true" duration-ms="1070" started-at="2017-07-09T01:03:32Z" finished-at="2017-07-09T01:03:33Z">
          <reporter-output>
          </reporter-output>
        </test-method> <!-- tearDown -->
      </class> <!-- com.example.tests.logsignout -->
      <class name="com.example.tests.CreateABug">
        <test-method status="PASS" signature="setUp()[pri:0, instance:com.example.tests.CreateABug@7a0ac6e3]" name="setUp" is-config="true" duration-ms="8821" started-at="2017-07-09T01:03:00Z" finished-at="2017-07-09T01:03:09Z">
          <reporter-output>
          </reporter-output>
        </test-method> <!-- setUp -->
        <test-method status="PASS" signature="test4CreateABug()[pri:0, instance:com.example.tests.CreateABug@7a0ac6e3]" name="test4CreateABug" duration-ms="9785" started-at="2017-07-09T01:03:09Z" finished-at="2017-07-09T01:03:19Z">
          <reporter-output>
          </reporter-output>
        </test-method> <!-- test4CreateABug -->
        <test-method status="PASS" signature="tearDown()[pri:0, instance:com.example.tests.CreateABug@7a0ac6e3]" name="tearDown" is-config="true" duration-ms="3846" started-at="2017-07-09T01:03:19Z" finished-at="2017-07-09T01:03:22Z">
          <reporter-output>
          </reporter-output>
        </test-method> <!-- tearDown -->
      </class> <!-- com.example.tests.CreateABug -->
    </test> <!-- Redmine -->
  </suite> <!-- HW3 -->
</testng-results>
